<?xml version="1.0" encoding="UTF-8"?>
<!-- Generated by org.testng.reporters.JUnitReportReporter -->
<testsuite skipped="0" hostname="DESKTOP-HSLMIQI" name="testCases.LoginTest" tests="1" failures="0" timestamp="12 May 2020 12:39:25 GMT" time="6.728" errors="0">
  <testcase name="login" time="6.728" classname="testCases.LoginTest"/>
</testsuite> <!-- testCases.LoginTest -->
