<?xml version="1.0" encoding="UTF-8"?>
<!-- Generated by org.testng.reporters.JUnitReportReporter -->
<testsuite skipped="0" hostname="DESKTOP-HSLMIQI" name="testCases.LoginTest" tests="1" failures="0" timestamp="25 May 2020 17:14:13 GMT" time="7.535" errors="1">
  <testcase name="login" time="7.535" classname="testCases.LoginTest">
    <error type="junit.framework.ComparisonFailure" message="expected:&lt;https://opensource-demo.orangehrmlive.com/index.php/dashboard&gt; but was:&lt;No Title&gt;">
      <![CDATA[junit.framework.ComparisonFailure: expected:<https://opensource-demo.orangehrmlive.com/index.php/dashboard> but was:<No Title>
at junit.framework.Assert.assertEquals(Assert.java:81)
at junit.framework.Assert.assertEquals(Assert.java:87)
at testCases.LoginTest.login(LoginTest.java:123)
at sun.reflect.NativeMethodAccessorImpl.invoke0(Native Method)
at sun.reflect.NativeMethodAccessorImpl.invoke(Unknown Source)
at sun.reflect.DelegatingMethodAccessorImpl.invoke(Unknown Source)
at java.lang.reflect.Method.invoke(Unknown Source)
at org.testng.internal.MethodInvocationHelper.invokeMethod(MethodInvocationHelper.java:124)
at org.testng.internal.Invoker.invokeMethod(Invoker.java:583)
at org.testng.internal.Invoker.invokeTestMethod(Invoker.java:719)
at org.testng.internal.Invoker.invokeTestMethods(Invoker.java:989)
at org.testng.internal.TestMethodWorker.invokeTestMethods(TestMethodWorker.java:125)
at org.testng.internal.TestMethodWorker.run(TestMethodWorker.java:109)
at java.util.concurrent.ThreadPoolExecutor.runWorker(Unknown Source)
at java.util.concurrent.ThreadPoolExecutor$Worker.run(Unknown Source)
at java.lang.Thread.run(Unknown Source)
]]>
    </error>
  </testcase> <!-- login -->
</testsuite> <!-- testCases.LoginTest -->
